# JRE version: OpenJDK Runtime Environment Corretto-18.0.2.9.1 (18.0.2+9) (build 18.0.2+9-FR)
# Java VM: OpenJDK 64-Bit Server VM Corretto-18.0.2.9.1 (18.0.2+9-FR, mixed mode, sharing, tiered, compressed oops, compressed class ptrs, g1 gc, windows-amd64)
GC Precious Log:
 CardTable entry size: 512
 Card Set container configuration: InlinePtr #cards 4 size 8 Array Of Cards #cards 16 size 48 Howl #buckets 8 coarsen threshold 3686 Howl Bitmap #cards 512 size 80 coarsen threshold 460 Card regions per heap region 1 cards per card region 4096
 CPUs: 16 total, 16 available
 Memory: 14188M
 Large Page Support: Disabled
 NUMA Support: Disabled
 Compressed Oops: Enabled (Zero based)
 Heap Region Size: 2M
 Heap Min Capacity: 8M
 Heap Initial Capacity: 222M
 Heap Max Capacity: 3548M
 Pre-touch: Disabled
 Parallel Workers: 13
 Concurrent Workers: 3
 Concurrent Refinement Workers: 13
 Periodic GC: Disabled
Heap:
 garbage-first heap   total 311296K, used 31470K [0x0000000722400000, 0x0000000800000000)
  region size 2048K, 17 young (34816K), 6 survivors (12288K)
 Metaspace       used 6942K, committed 7168K, reserved 1114112K
  class space    used 327K, committed 448K, reserved 1048576K
GC Heap History (12 events):
Event: 0.875 GC heap before
{Heap before GC invocations=0 (full 0):
 garbage-first heap   total 227328K, used 20480K [0x0000000722400000, 0x0000000800000000)
  region size 2048K, 11 young (22528K), 0 survivors (0K)
 Metaspace       used 6062K, committed 6208K, reserved 1114112K
  class space    used 295K, committed 384K, reserved 1048576K
}
Event: 0.877 GC heap after
{Heap after GC invocations=1 (full 0):
 garbage-first heap   total 227328K, used 2879K [0x0000000722400000, 0x0000000800000000)
  region size 2048K, 2 young (4096K), 2 survivors (4096K)
 Metaspace       used 6062K, committed 6208K, reserved 1114112K
  class space    used 295K, committed 384K, reserved 1048576K
}
Event: 0.948 GC heap before
{Heap before GC invocations=1 (full 0):
 garbage-first heap   total 227328K, used 39743K [0x0000000722400000, 0x0000000800000000)
  region size 2048K, 20 young (40960K), 2 survivors (4096K)
 Metaspace       used 6067K, committed 6272K, reserved 1114112K
  class space    used 295K, committed 384K, reserved 1048576K
}
Event: 0.950 GC heap after
{Heap after GC invocations=2 (full 0):
 garbage-first heap   total 227328K, used 3234K [0x0000000722400000, 0x0000000800000000)
  region size 2048K, 2 young (4096K), 2 survivors (4096K)
 Metaspace       used 6067K, committed 6272K, reserved 1114112K
  class space    used 295K, committed 384K, reserved 1048576K
}
Event: 1.126 GC heap before
{Heap before GC invocations=2 (full 0):
 garbage-first heap   total 227328K, used 134306K [0x0000000722400000, 0x0000000800000000)
  region size 2048K, 66 young (135168K), 2 survivors (4096K)
 Metaspace       used 6358K, committed 6592K, reserved 1114112K
  class space    used 321K, committed 448K, reserved 1048576K
}
Event: 1.130 GC heap after
{Heap after GC invocations=3 (full 0):
 garbage-first heap   total 227328K, used 5166K [0x0000000722400000, 0x0000000800000000)
  region size 2048K, 3 young (6144K), 3 survivors (6144K)
 Metaspace       used 6358K, committed 6592K, reserved 1114112K
  class space    used 321K, committed 448K, reserved 1048576K
}
Event: 1.214 GC heap before
{Heap before GC invocations=3 (full 0):
 garbage-first heap   total 227328K, used 134190K [0x0000000722400000, 0x0000000800000000)
  region size 2048K, 66 young (135168K), 3 survivors (6144K)
 Metaspace       used 6373K, committed 6592K, reserved 1114112K
  class space    used 321K, committed 448K, reserved 1048576K
}
Event: 1.218 GC heap after
{Heap after GC invocations=4 (full 0):
 garbage-first heap   total 227328K, used 6462K [0x0000000722400000, 0x0000000800000000)
  region size 2048K, 4 young (8192K), 4 survivors (8192K)
 Metaspace       used 6373K, committed 6592K, reserved 1114112K
  class space    used 321K, committed 448K, reserved 1048576K
}
Event: 1.286 GC heap before
{Heap before GC invocations=4 (full 0):
 garbage-first heap   total 227328K, used 133438K [0x0000000722400000, 0x0000000800000000)
  region size 2048K, 66 young (135168K), 4 survivors (8192K)
 Metaspace       used 6386K, committed 6592K, reserved 1114112K
  class space    used 321K, committed 448K, reserved 1048576K
}
Event: 1.290 GC heap after
{Heap after GC invocations=5 (full 0):
 garbage-first heap   total 227328K, used 7605K [0x0000000722400000, 0x0000000800000000)
  region size 2048K, 4 young (8192K), 4 survivors (8192K)
 Metaspace       used 6386K, committed 6592K, reserved 1114112K
  class space    used 321K, committed 448K, reserved 1048576K
}
Event: 58.322 GC heap before
{Heap before GC invocations=5 (full 0):
 garbage-first heap   total 227328K, used 138677K [0x0000000722400000, 0x0000000800000000)
  region size 2048K, 66 young (135168K), 4 survivors (8192K)
 Metaspace       used 6939K, committed 7168K, reserved 1114112K
  class space    used 327K, committed 448K, reserved 1048576K
}
Event: 58.491 GC heap after
{Heap after GC invocations=6 (full 0):
 garbage-first heap   total 311296K, used 10990K [0x0000000722400000, 0x0000000800000000)
  region size 2048K, 6 young (12288K), 6 survivors (12288K)
 Metaspace       used 6939K, committed 7168K, reserved 1114112K
  class space    used 327K, committed 448K, reserved 1048576K
}

