# JRE version: OpenJDK Runtime Environment Corretto-18.0.2.9.1 (18.0.2+9) (build 18.0.2+9-FR)
# Java VM: OpenJDK 64-Bit Server VM Corretto-18.0.2.9.1 (18.0.2+9-FR, mixed mode, sharing, tiered, compressed oops, compressed class ptrs, g1 gc, windows-amd64)
GC Precious Log:
 CardTable entry size: 512
 Card Set container configuration: InlinePtr #cards 4 size 8 Array Of Cards #cards 16 size 48 Howl #buckets 8 coarsen threshold 3686 Howl Bitmap #cards 512 size 80 coarsen threshold 460 Card regions per heap region 1 cards per card region 4096
 CPUs: 16 total, 16 available
 Memory: 14188M
 Large Page Support: Disabled
 NUMA Support: Disabled
 Compressed Oops: Enabled (Zero based)
 Heap Region Size: 2M
 Heap Min Capacity: 8M
 Heap Initial Capacity: 222M
 Heap Max Capacity: 3548M
 Pre-touch: Disabled
 Parallel Workers: 13
 Concurrent Workers: 3
 Concurrent Refinement Workers: 13
 Periodic GC: Disabled
Heap:
 garbage-first heap   total 301056K, used 124563K [0x0000000722400000, 0x0000000800000000)
  region size 2048K, 52 young (106496K), 8 survivors (16384K)
 Metaspace       used 6973K, committed 7232K, reserved 1114112K
  class space    used 328K, committed 448K, reserved 1048576K
GC Heap History (14 events):
Event: 0.727 GC heap before
{Heap before GC invocations=0 (full 0):
 garbage-first heap   total 227328K, used 20480K [0x0000000722400000, 0x0000000800000000)
  region size 2048K, 11 young (22528K), 0 survivors (0K)
 Metaspace       used 6056K, committed 6208K, reserved 1114112K
  class space    used 295K, committed 384K, reserved 1048576K
}
Event: 0.730 GC heap after
{Heap after GC invocations=1 (full 0):
 garbage-first heap   total 227328K, used 2963K [0x0000000722400000, 0x0000000800000000)
  region size 2048K, 2 young (4096K), 2 survivors (4096K)
 Metaspace       used 6056K, committed 6208K, reserved 1114112K
  class space    used 295K, committed 384K, reserved 1048576K
}
Event: 0.801 GC heap before
{Heap before GC invocations=1 (full 0):
 garbage-first heap   total 227328K, used 39827K [0x0000000722400000, 0x0000000800000000)
  region size 2048K, 20 young (40960K), 2 survivors (4096K)
 Metaspace       used 6061K, committed 6208K, reserved 1114112K
  class space    used 295K, committed 384K, reserved 1048576K
}
Event: 0.803 GC heap after
{Heap after GC invocations=2 (full 0):
 garbage-first heap   total 227328K, used 3179K [0x0000000722400000, 0x0000000800000000)
  region size 2048K, 2 young (4096K), 2 survivors (4096K)
 Metaspace       used 6061K, committed 6208K, reserved 1114112K
  class space    used 295K, committed 384K, reserved 1048576K
}
Event: 0.984 GC heap before
{Heap before GC invocations=2 (full 0):
 garbage-first heap   total 227328K, used 134251K [0x0000000722400000, 0x0000000800000000)
  region size 2048K, 66 young (135168K), 2 survivors (4096K)
 Metaspace       used 6084K, committed 6272K, reserved 1114112K
  class space    used 296K, committed 384K, reserved 1048576K
}
Event: 0.987 GC heap after
{Heap after GC invocations=3 (full 0):
 garbage-first heap   total 227328K, used 4508K [0x0000000722400000, 0x0000000800000000)
  region size 2048K, 3 young (6144K), 3 survivors (6144K)
 Metaspace       used 6084K, committed 6272K, reserved 1114112K
  class space    used 296K, committed 384K, reserved 1048576K
}
Event: 1.080 GC heap before
{Heap before GC invocations=3 (full 0):
 garbage-first heap   total 227328K, used 133532K [0x0000000722400000, 0x0000000800000000)
  region size 2048K, 66 young (135168K), 3 survivors (6144K)
 Metaspace       used 6355K, committed 6592K, reserved 1114112K
  class space    used 321K, committed 448K, reserved 1048576K
}
Event: 1.083 GC heap after
{Heap after GC invocations=4 (full 0):
 garbage-first heap   total 227328K, used 6418K [0x0000000722400000, 0x0000000800000000)
  region size 2048K, 4 young (8192K), 4 survivors (8192K)
 Metaspace       used 6355K, committed 6592K, reserved 1114112K
  class space    used 321K, committed 448K, reserved 1048576K
}
Event: 1.155 GC heap before
{Heap before GC invocations=4 (full 0):
 garbage-first heap   total 227328K, used 133394K [0x0000000722400000, 0x0000000800000000)
  region size 2048K, 66 young (135168K), 4 survivors (8192K)
 Metaspace       used 6381K, committed 6592K, reserved 1114112K
  class space    used 321K, committed 448K, reserved 1048576K
}
Event: 1.159 GC heap after
{Heap after GC invocations=5 (full 0):
 garbage-first heap   total 227328K, used 7757K [0x0000000722400000, 0x0000000800000000)
  region size 2048K, 4 young (8192K), 4 survivors (8192K)
 Metaspace       used 6381K, committed 6592K, reserved 1114112K
  class space    used 321K, committed 448K, reserved 1048576K
}
Event: 1.230 GC heap before
{Heap before GC invocations=5 (full 0):
 garbage-first heap   total 227328K, used 134733K [0x0000000722400000, 0x0000000800000000)
  region size 2048K, 66 young (135168K), 4 survivors (8192K)
 Metaspace       used 6381K, committed 6592K, reserved 1114112K
  class space    used 321K, committed 448K, reserved 1048576K
}
Event: 1.235 GC heap after
{Heap after GC invocations=6 (full 0):
 garbage-first heap   total 301056K, used 8694K [0x0000000722400000, 0x0000000800000000)
  region size 2048K, 5 young (10240K), 5 survivors (10240K)
 Metaspace       used 6381K, committed 6592K, reserved 1114112K
  class space    used 321K, committed 448K, reserved 1048576K
}
Event: 1.561 GC heap before
{Heap before GC invocations=6 (full 0):
 garbage-first heap   total 301056K, used 188918K [0x0000000722400000, 0x0000000800000000)
  region size 2048K, 88 young (180224K), 5 survivors (10240K)
 Metaspace       used 6473K, committed 6656K, reserved 1114112K
  class space    used 322K, committed 448K, reserved 1048576K
}
Event: 1.567 GC heap after
{Heap after GC invocations=7 (full 0):
 garbage-first heap   total 301056K, used 22163K [0x0000000722400000, 0x0000000800000000)
  region size 2048K, 8 young (16384K), 8 survivors (16384K)
 Metaspace       used 6473K, committed 6656K, reserved 1114112K
  class space    used 322K, committed 448K, reserved 1048576K
}

